Files already downloaded and verified
Files already downloaded and verified
[1,  2000] loss: 1.340
[1,  4000] loss: 1.009
[2,  2000] loss: 0.844
[2,  4000] loss: 0.795
[3,  2000] loss: 0.687
[3,  4000] loss: 0.670
[4,  2000] loss: 0.583
[4,  4000] loss: 0.577
[5,  2000] loss: 0.493
[5,  4000] loss: 0.509
[6,  2000] loss: 0.426
[6,  4000] loss: 0.455
[7,  2000] loss: 0.376
[7,  4000] loss: 0.399
[8,  2000] loss: 0.327
[8,  4000] loss: 0.344
[9,  2000] loss: 0.289
[9,  4000] loss: 0.311
[10,  2000] loss: 0.252
[10,  4000] loss: 0.278
[11,  2000] loss: 0.221
[11,  4000] loss: 0.256
[12,  2000] loss: 0.200
[12,  4000] loss: 0.209
[13,  2000] loss: 0.173
[13,  4000] loss: 0.196
[14,  2000] loss: 0.162
[14,  4000] loss: 0.172
[15,  2000] loss: 0.135
[15,  4000] loss: 0.155
[16,  2000] loss: 0.126
[16,  4000] loss: 0.133
[17,  2000] loss: 0.120
[17,  4000] loss: 0.121
[18,  2000] loss: 0.100
[18,  4000] loss: 0.128
[19,  2000] loss: 0.094
[19,  4000] loss: 0.101
[20,  2000] loss: 0.083
[20,  4000] loss: 0.091
[21,  2000] loss: 0.074
[21,  4000] loss: 0.088
[22,  2000] loss: 0.079
[22,  4000] loss: 0.076
[23,  2000] loss: 0.068
[23,  4000] loss: 0.078
[24,  2000] loss: 0.069
[24,  4000] loss: 0.070
[25,  2000] loss: 0.057
[25,  4000] loss: 0.083
[26,  2000] loss: 0.053
[26,  4000] loss: 0.061
[27,  2000] loss: 0.052
[27,  4000] loss: 0.052
[28,  2000] loss: 0.045
[28,  4000] loss: 0.057
[29,  2000] loss: 0.045
[29,  4000] loss: 0.050
[30,  2000] loss: 0.051
[30,  4000] loss: 0.046
[31,  2000] loss: 0.040
[31,  4000] loss: 0.047
[32,  2000] loss: 0.038
[32,  4000] loss: 0.045
[33,  2000] loss: 0.038
[33,  4000] loss: 0.041
[34,  2000] loss: 0.032
[34,  4000] loss: 0.040
[35,  2000] loss: 0.032
[35,  4000] loss: 0.032
[36,  2000] loss: 0.036
[36,  4000] loss: 0.035
[37,  2000] loss: 0.027
[37,  4000] loss: 0.026
[38,  2000] loss: 0.023
[38,  4000] loss: 0.029
[39,  2000] loss: 0.027
[39,  4000] loss: 0.029
[40,  2000] loss: 0.028
[40,  4000] loss: 0.040
[41,  2000] loss: 0.025
[41,  4000] loss: 0.025
[42,  2000] loss: 0.024
[42,  4000] loss: 0.029
[43,  2000] loss: 0.023
[43,  4000] loss: 0.032
[44,  2000] loss: 0.024
[44,  4000] loss: 0.026
[45,  2000] loss: 0.022
[45,  4000] loss: 0.025
[46,  2000] loss: 0.022
[46,  4000] loss: 0.021
[47,  2000] loss: 0.020
[47,  4000] loss: 0.018
[48,  2000] loss: 0.022
[48,  4000] loss: 0.022
[49,  2000] loss: 0.018
[49,  4000] loss: 0.023
[50,  2000] loss: 0.020
[50,  4000] loss: 0.020
[51,  2000] loss: 0.019
[51,  4000] loss: 0.022
[52,  2000] loss: 0.019
[52,  4000] loss: 0.021
[53,  2000] loss: 0.019
[53,  4000] loss: 0.020
[54,  2000] loss: 0.019
[54,  4000] loss: 0.024
[55,  2000] loss: 0.021
[55,  4000] loss: 0.018
[56,  2000] loss: 0.015
[56,  4000] loss: 0.018
[57,  2000] loss: 0.017
[57,  4000] loss: 0.015
[58,  2000] loss: 0.013
[58,  4000] loss: 0.014
[59,  2000] loss: 0.017
[59,  4000] loss: 0.017
[60,  2000] loss: 0.018
[60,  4000] loss: 0.018
[61,  2000] loss: 0.011
[61,  4000] loss: 0.013
[62,  2000] loss: 0.015
[62,  4000] loss: 0.018
[63,  2000] loss: 0.017
[63,  4000] loss: 0.014
[64,  2000] loss: 0.016
[64,  4000] loss: 0.013
[65,  2000] loss: 0.012
[65,  4000] loss: 0.012
[66,  2000] loss: 0.012
[66,  4000] loss: 0.015
[67,  2000] loss: 0.015
[67,  4000] loss: 0.016
[68,  2000] loss: 0.015
[68,  4000] loss: 0.016
[69,  2000] loss: 0.011
[69,  4000] loss: 0.014
[70,  2000] loss: 0.012
[70,  4000] loss: 0.012
[71,  2000] loss: 0.015
[71,  4000] loss: 0.016
[72,  2000] loss: 0.009
[72,  4000] loss: 0.013
[73,  2000] loss: 0.012
[73,  4000] loss: 0.013
[74,  2000] loss: 0.013
[74,  4000] loss: 0.012
[75,  2000] loss: 0.010
[75,  4000] loss: 0.012
[76,  2000] loss: 0.013
[76,  4000] loss: 0.011
[77,  2000] loss: 0.013
[77,  4000] loss: 0.009
[78,  2000] loss: 0.007
[78,  4000] loss: 0.009
[79,  2000] loss: 0.008
[79,  4000] loss: 0.007
[80,  2000] loss: 0.007
[80,  4000] loss: 0.008
[81,  2000] loss: 0.008
[81,  4000] loss: 0.009
[82,  2000] loss: 0.008
[82,  4000] loss: 0.006
[83,  2000] loss: 0.007
[83,  4000] loss: 0.010
[84,  2000] loss: 0.009
[84,  4000] loss: 0.010
[85,  2000] loss: 0.010
[85,  4000] loss: 0.010
[86,  2000] loss: 0.009
[86,  4000] loss: 0.009
[87,  2000] loss: 0.010
[87,  4000] loss: 0.008
[88,  2000] loss: 0.008
[88,  4000] loss: 0.011
[89,  2000] loss: 0.011
[89,  4000] loss: 0.012
[90,  2000] loss: 0.011
[90,  4000] loss: 0.010
[91,  2000] loss: 0.007
[91,  4000] loss: 0.007
[92,  2000] loss: 0.008
[92,  4000] loss: 0.009
[93,  2000] loss: 0.010
[93,  4000] loss: 0.009
[94,  2000] loss: 0.009
[94,  4000] loss: 0.012
[95,  2000] loss: 0.008
[95,  4000] loss: 0.009
[96,  2000] loss: 0.005
[96,  4000] loss: 0.007
[97,  2000] loss: 0.008
[97,  4000] loss: 0.008
[98,  2000] loss: 0.009
[98,  4000] loss: 0.012
[99,  2000] loss: 0.010
[99,  4000] loss: 0.010
[100,  2000] loss: 0.009
[100,  4000] loss: 0.009
[101,  2000] loss: 0.007
[101,  4000] loss: 0.006
[102,  2000] loss: 0.006
[102,  4000] loss: 0.008
[103,  2000] loss: 0.006
[103,  4000] loss: 0.006
[104,  2000] loss: 0.006
[104,  4000] loss: 0.006
[105,  2000] loss: 0.006
[105,  4000] loss: 0.005
[106,  2000] loss: 0.004
[106,  4000] loss: 0.005
[107,  2000] loss: 0.005
[107,  4000] loss: 0.005
[108,  2000] loss: 0.006
[108,  4000] loss: 0.006
[109,  2000] loss: 0.005
[109,  4000] loss: 0.007
[110,  2000] loss: 0.005
[110,  4000] loss: 0.009
[111,  2000] loss: 0.008
[111,  4000] loss: 0.006
[112,  2000] loss: 0.007
[112,  4000] loss: 0.006
[113,  2000] loss: 0.005
[113,  4000] loss: 0.006
[114,  2000] loss: 0.006
[114,  4000] loss: 0.006
[115,  2000] loss: 0.007
[115,  4000] loss: 0.007
[116,  2000] loss: 0.008
[116,  4000] loss: 0.009
[117,  2000] loss: 0.005
[117,  4000] loss: 0.006
[118,  2000] loss: 0.005
[118,  4000] loss: 0.004
[119,  2000] loss: 0.005
[119,  4000] loss: 0.005
[120,  2000] loss: 0.005
[120,  4000] loss: 0.008
[121,  2000] loss: 0.005
[121,  4000] loss: 0.007
[122,  2000] loss: 0.006
[122,  4000] loss: 0.007
[123,  2000] loss: 0.007
[123,  4000] loss: 0.008
[124,  2000] loss: 0.006
[124,  4000] loss: 0.008
[125,  2000] loss: 0.006
[125,  4000] loss: 0.005
[126,  2000] loss: 0.009
[126,  4000] loss: 0.004
[127,  2000] loss: 0.006
[127,  4000] loss: 0.006
[128,  2000] loss: 0.007
[128,  4000] loss: 0.005
Finished Training
Accuracy of the network on the 10000 test images: 82 %
